<?xml version="1.0" encoding="UTF-8"?>
<!-- Generated by org.testng.reporters.JUnitXMLReporter -->
<testsuite ignored="1" hostname="DESKTOP-EDG9KS6" failures="1" tests="1" name="ModuleOneTest(failed)(failed)" time="25.832" errors="0" timestamp="2023-02-27T19:04:27 IST">
  <testcase classname="testScripts.SampleOneTest" name="seleniumSearchTest" time="25.66">
    <failure type="java.lang.AssertionError" message="expected [Selenium Tutorial - Google Search page] but found [Selenium Tutorial - Google Search]">
      <![CDATA[java.lang.AssertionError: expected [Selenium Tutorial - Google Search page] but found [Selenium Tutorial - Google Search]
at testScripts.SampleOneTest.seleniumSearchTest(SampleOneTest.java:32)
at java.base/java.util.ArrayList.forEach(ArrayList.java:1511)
... Removed 31 stack frames]]>
    </failure>
  </testcase> <!-- seleniumSearchTest -->
  <testcase classname="testScripts.SampleOneTest" name="JavaSearchTest" time="0.0">
    <ignored/>
  </testcase> <!-- JavaSearchTest -->
</testsuite> <!-- ModuleOneTest(failed)(failed) -->
